<?xml version="1.0" encoding="UTF-8"?>
<testng-results ignored="0" total="1" passed="1" failed="0" skipped="0">
  <reporter-output>
  </reporter-output>
  <suite started-at="2024-01-03T15:45:04 EST" name="Default suite" finished-at="2024-01-03T15:48:47 EST" duration-ms="222483">
    <groups>
    </groups>
    <test started-at="2024-01-03T15:45:04 EST" name="Default test" finished-at="2024-01-03T15:48:47 EST" duration-ms="222483">
      <class name="org.testing.TestScripts.TC1">
        <test-method is-config="true" signature="browserLaunch()[pri:0, instance:org.testing.TestScripts.TC1@485966cc]" started-at="2024-01-03T15:45:04 EST" name="browserLaunch" finished-at="2024-01-03T15:45:32 EST" duration-ms="28128" status="PASS">
          <reporter-output>
          </reporter-output>
        </test-method> <!-- browserLaunch -->
        <test-method is-config="true" signature="tc1()[pri:0, instance:org.testing.TestScripts.TC1@485966cc]" started-at="2024-01-03T15:45:33 EST" name="tc1" finished-at="2024-01-03T15:46:42 EST" duration-ms="69395" status="PASS">
          <reporter-output>
          </reporter-output>
        </test-method> <!-- tc1 -->
        <test-method signature="trending_click()[pri:0, instance:org.testing.TestScripts.TC1@485966cc]" started-at="2024-01-03T15:46:42 EST" name="trending_click" finished-at="2024-01-03T15:47:58 EST" duration-ms="75851" status="PASS">
          <reporter-output>
          </reporter-output>
        </test-method> <!-- trending_click -->
        <test-method is-config="true" signature="tc1_logout()[pri:0, instance:org.testing.TestScripts.TC1@485966cc]" started-at="2024-01-03T15:47:58 EST" name="tc1_logout" finished-at="2024-01-03T15:48:47 EST" duration-ms="48822" status="PASS">
          <reporter-output>
          </reporter-output>
        </test-method> <!-- tc1_logout -->
        <test-method is-config="true" signature="closeSession()[pri:0, instance:org.testing.TestScripts.TC1@485966cc]" started-at="2024-01-03T15:48:47 EST" name="closeSession" finished-at="2024-01-03T15:48:47 EST" duration-ms="217" status="PASS">
          <reporter-output>
          </reporter-output>
        </test-method> <!-- closeSession -->
      </class> <!-- org.testing.TestScripts.TC1 -->
    </test> <!-- Default test -->
  </suite> <!-- Default suite -->
</testng-results>
