<?xml version="1.0" encoding="UTF-8"?>
<!-- Generated by org.testng.reporters.JUnitXMLReporter -->
<testsuite ignored="0" hostname="Balas-Air" failures="1" tests="1" name="Test" time="0.041" errors="0" timestamp="2023-12-09T18:05:43 EST">
  <testcase classname="org.testing.TestScripts.TC1" name="asignInYT" time="0.0">
    <failure type="org.testng.TestNGException" message="
Cannot inject @Test annotated Method [asignInYT] with [class java.lang.String, class java.lang.String, class java.lang.String].
For more information on native dependency injection please refer to https://testng.org/doc/documentation-main.html#native-dependency-injection">
      <![CDATA[org.testng.TestNGException: 
Cannot inject @Test annotated Method [asignInYT] with [class java.lang.String, class java.lang.String, class java.lang.String].
For more information on native dependency injection please refer to https://testng.org/doc/documentation-main.html#native-dependency-injection
at java.base/java.util.ArrayList.forEach(ArrayList.java:1511)
... Removed 26 stack frames]]>
    </failure>
  </testcase> <!-- asignInYT -->
</testsuite> <!-- Test -->
